

Processing Base#index (for 127.0.0.1 at 2006-01-31 14:05:20) [GET]
  Parameters: {}


LoadError (Already loaded file 'script/../config/../app/controllers/login_controller.rb' but 'LoginController' was not set, perhaps you need to rename 'script/../config/../app/controllers/login_controller.rb'?):
    .//vendor/rails/activesupport/lib/active_support/dependencies.rb:105:in `const_load!'
    .//vendor/rails/activesupport/lib/active_support/dependencies.rb:80:in `const_load!'
    .//vendor/rails/activesupport/lib/active_support/dependencies.rb:72:in `const_missing'
    generated/routing/recognition.rb:4:in `recognize_path'
    .//vendor/rails/actionpack/lib/action_controller/routing.rb:458:in `recognize!'
    .//vendor/rails/railties/lib/dispatcher.rb:38:in `dispatch'
    .//vendor/rails/railties/lib/webrick_server.rb:117:in `handle_dispatch'
    .//vendor/rails/railties/lib/webrick_server.rb:83:in `service'
    /usr/lib/ruby/1.8/webrick/httpserver.rb:104:in `service'
    /usr/lib/ruby/1.8/webrick/httpserver.rb:65:in `run'
    /usr/lib/ruby/1.8/webrick/server.rb:173:in `start_thread'
    /usr/lib/ruby/1.8/webrick/server.rb:162:in `start_thread'
    /usr/lib/ruby/1.8/webrick/server.rb:95:in `start'
    /usr/lib/ruby/1.8/webrick/server.rb:92:in `start'
    /usr/lib/ruby/1.8/webrick/server.rb:23:in `start'
    /usr/lib/ruby/1.8/webrick/server.rb:82:in `start'
    .//vendor/rails/railties/lib/webrick_server.rb:69:in `dispatch'
    .//vendor/rails/railties/lib/commands/servers/webrick.rb:59
    /usr/lib/ruby/1.8/rubygems/custom_require.rb:21:in `require'
    .//vendor/rails/activesupport/lib/active_support/dependencies.rb:214:in `require'
    .//vendor/rails/railties/lib/commands/server.rb:28
    ./script/server:3


Rendering ./script/../config/../vendor/rails/actionpack/lib/action_controller/templates/rescues/layout.rhtml (500 Internal Error)


Processing Base#index (for 127.0.0.1 at 2006-01-31 14:06:11) [GET]
  Parameters: {}


LoadError (Already loaded file 'script/../config/../app/controllers/login_controller.rb' but 'LoginController' was not set, perhaps you need to rename 'script/../config/../app/controllers/login_controller.rb'?):
    .//vendor/rails/activesupport/lib/active_support/dependencies.rb:105:in `const_load!'
    .//vendor/rails/activesupport/lib/active_support/dependencies.rb:80:in `const_load!'
    .//vendor/rails/activesupport/lib/active_support/dependencies.rb:72:in `const_missing'
    generated/routing/recognition.rb:4:in `recognize_path'
    .//vendor/rails/actionpack/lib/action_controller/routing.rb:458:in `recognize!'
    .//vendor/rails/railties/lib/dispatcher.rb:38:in `dispatch'
    .//vendor/rails/railties/lib/webrick_server.rb:117:in `handle_dispatch'
    .//vendor/rails/railties/lib/webrick_server.rb:83:in `service'
    /usr/lib/ruby/1.8/webrick/httpserver.rb:104:in `service'
    /usr/lib/ruby/1.8/webrick/httpserver.rb:65:in `run'
    /usr/lib/ruby/1.8/webrick/server.rb:173:in `start_thread'
    /usr/lib/ruby/1.8/webrick/server.rb:162:in `start_thread'
    /usr/lib/ruby/1.8/webrick/server.rb:95:in `start'
    /usr/lib/ruby/1.8/webrick/server.rb:92:in `start'
    /usr/lib/ruby/1.8/webrick/server.rb:23:in `start'
    /usr/lib/ruby/1.8/webrick/server.rb:82:in `start'
    .//vendor/rails/railties/lib/webrick_server.rb:69:in `dispatch'
    .//vendor/rails/railties/lib/commands/servers/webrick.rb:59
    /usr/lib/ruby/1.8/rubygems/custom_require.rb:21:in `require'
    .//vendor/rails/activesupport/lib/active_support/dependencies.rb:214:in `require'
    .//vendor/rails/railties/lib/commands/server.rb:28
    ./script/server:3


Rendering ./script/../config/../vendor/rails/actionpack/lib/action_controller/templates/rescues/layout.rhtml (500 Internal Error)


Processing Base#index (for 127.0.0.1 at 2006-01-31 14:06:11) [GET]
  Parameters: {}


LoadError (Already loaded file 'script/../config/../app/controllers/login_controller.rb' but 'LoginController' was not set, perhaps you need to rename 'script/../config/../app/controllers/login_controller.rb'?):
    .//vendor/rails/activesupport/lib/active_support/dependencies.rb:105:in `const_load!'
    .//vendor/rails/activesupport/lib/active_support/dependencies.rb:80:in `const_load!'
    .//vendor/rails/activesupport/lib/active_support/dependencies.rb:72:in `const_missing'
    generated/routing/recognition.rb:4:in `recognize_path'
    .//vendor/rails/actionpack/lib/action_controller/routing.rb:458:in `recognize!'
    .//vendor/rails/railties/lib/dispatcher.rb:38:in `dispatch'
    .//vendor/rails/railties/lib/webrick_server.rb:117:in `handle_dispatch'
    .//vendor/rails/railties/lib/webrick_server.rb:83:in `service'
    /usr/lib/ruby/1.8/webrick/httpserver.rb:104:in `service'
    /usr/lib/ruby/1.8/webrick/httpserver.rb:65:in `run'
    /usr/lib/ruby/1.8/webrick/server.rb:173:in `start_thread'
    /usr/lib/ruby/1.8/webrick/server.rb:162:in `start_thread'
    /usr/lib/ruby/1.8/webrick/server.rb:95:in `start'
    /usr/lib/ruby/1.8/webrick/server.rb:92:in `start'
    /usr/lib/ruby/1.8/webrick/server.rb:23:in `start'
    /usr/lib/ruby/1.8/webrick/server.rb:82:in `start'
    .//vendor/rails/railties/lib/webrick_server.rb:69:in `dispatch'
    .//vendor/rails/railties/lib/commands/servers/webrick.rb:59
    /usr/lib/ruby/1.8/rubygems/custom_require.rb:21:in `require'
    .//vendor/rails/activesupport/lib/active_support/dependencies.rb:214:in `require'
    .//vendor/rails/railties/lib/commands/server.rb:28
    ./script/server:3


Rendering ./script/../config/../vendor/rails/actionpack/lib/action_controller/templates/rescues/layout.rhtml (500 Internal Error)


Processing Base#index (for 127.0.0.1 at 2006-01-31 14:06:12) [GET]
  Parameters: {}


LoadError (Already loaded file 'script/../config/../app/controllers/login_controller.rb' but 'LoginController' was not set, perhaps you need to rename 'script/../config/../app/controllers/login_controller.rb'?):
    .//vendor/rails/activesupport/lib/active_support/dependencies.rb:105:in `const_load!'
    .//vendor/rails/activesupport/lib/active_support/dependencies.rb:80:in `const_load!'
    .//vendor/rails/activesupport/lib/active_support/dependencies.rb:72:in `const_missing'
    generated/routing/recognition.rb:4:in `recognize_path'
    .//vendor/rails/actionpack/lib/action_controller/routing.rb:458:in `recognize!'
    .//vendor/rails/railties/lib/dispatcher.rb:38:in `dispatch'
    .//vendor/rails/railties/lib/webrick_server.rb:117:in `handle_dispatch'
    .//vendor/rails/railties/lib/webrick_server.rb:83:in `service'
    /usr/lib/ruby/1.8/webrick/httpserver.rb:104:in `service'
    /usr/lib/ruby/1.8/webrick/httpserver.rb:65:in `run'
    /usr/lib/ruby/1.8/webrick/server.rb:173:in `start_thread'
    /usr/lib/ruby/1.8/webrick/server.rb:162:in `start_thread'
    /usr/lib/ruby/1.8/webrick/server.rb:95:in `start'
    /usr/lib/ruby/1.8/webrick/server.rb:92:in `start'
    /usr/lib/ruby/1.8/webrick/server.rb:23:in `start'
    /usr/lib/ruby/1.8/webrick/server.rb:82:in `start'
    .//vendor/rails/railties/lib/webrick_server.rb:69:in `dispatch'
    .//vendor/rails/railties/lib/commands/servers/webrick.rb:59
    /usr/lib/ruby/1.8/rubygems/custom_require.rb:21:in `require'
    .//vendor/rails/activesupport/lib/active_support/dependencies.rb:214:in `require'
    .//vendor/rails/railties/lib/commands/server.rb:28
    ./script/server:3


Rendering ./script/../config/../vendor/rails/actionpack/lib/action_controller/templates/rescues/layout.rhtml (500 Internal Error)


Processing Base#index (for 127.0.0.1 at 2006-01-31 14:06:12) [GET]
  Parameters: {}


LoadError (Already loaded file 'script/../config/../app/controllers/login_controller.rb' but 'LoginController' was not set, perhaps you need to rename 'script/../config/../app/controllers/login_controller.rb'?):
    .//vendor/rails/activesupport/lib/active_support/dependencies.rb:105:in `const_load!'
    .//vendor/rails/activesupport/lib/active_support/dependencies.rb:80:in `const_load!'
    .//vendor/rails/activesupport/lib/active_support/dependencies.rb:72:in `const_missing'
    generated/routing/recognition.rb:4:in `recognize_path'
    .//vendor/rails/actionpack/lib/action_controller/routing.rb:458:in `recognize!'
    .//vendor/rails/railties/lib/dispatcher.rb:38:in `dispatch'
    .//vendor/rails/railties/lib/webrick_server.rb:117:in `handle_dispatch'
    .//vendor/rails/railties/lib/webrick_server.rb:83:in `service'
    /usr/lib/ruby/1.8/webrick/httpserver.rb:104:in `service'
    /usr/lib/ruby/1.8/webrick/httpserver.rb:65:in `run'
    /usr/lib/ruby/1.8/webrick/server.rb:173:in `start_thread'
    /usr/lib/ruby/1.8/webrick/server.rb:162:in `start_thread'
    /usr/lib/ruby/1.8/webrick/server.rb:95:in `start'
    /usr/lib/ruby/1.8/webrick/server.rb:92:in `start'
    /usr/lib/ruby/1.8/webrick/server.rb:23:in `start'
    /usr/lib/ruby/1.8/webrick/server.rb:82:in `start'
    .//vendor/rails/railties/lib/webrick_server.rb:69:in `dispatch'
    .//vendor/rails/railties/lib/commands/servers/webrick.rb:59
    /usr/lib/ruby/1.8/rubygems/custom_require.rb:21:in `require'
    .//vendor/rails/activesupport/lib/active_support/dependencies.rb:214:in `require'
    .//vendor/rails/railties/lib/commands/server.rb:28
    ./script/server:3


Rendering ./script/../config/../vendor/rails/actionpack/lib/action_controller/templates/rescues/layout.rhtml (500 Internal Error)


Processing Base#index (for 127.0.0.1 at 2006-01-31 14:06:12) [GET]
  Parameters: {}


LoadError (Already loaded file 'script/../config/../app/controllers/login_controller.rb' but 'LoginController' was not set, perhaps you need to rename 'script/../config/../app/controllers/login_controller.rb'?):
    .//vendor/rails/activesupport/lib/active_support/dependencies.rb:105:in `const_load!'
    .//vendor/rails/activesupport/lib/active_support/dependencies.rb:80:in `const_load!'
    .//vendor/rails/activesupport/lib/active_support/dependencies.rb:72:in `const_missing'
    generated/routing/recognition.rb:4:in `recognize_path'
    .//vendor/rails/actionpack/lib/action_controller/routing.rb:458:in `recognize!'
    .//vendor/rails/railties/lib/dispatcher.rb:38:in `dispatch'
    .//vendor/rails/railties/lib/webrick_server.rb:117:in `handle_dispatch'
    .//vendor/rails/railties/lib/webrick_server.rb:83:in `service'
    /usr/lib/ruby/1.8/webrick/httpserver.rb:104:in `service'
    /usr/lib/ruby/1.8/webrick/httpserver.rb:65:in `run'
    /usr/lib/ruby/1.8/webrick/server.rb:173:in `start_thread'
    /usr/lib/ruby/1.8/webrick/server.rb:162:in `start_thread'
    /usr/lib/ruby/1.8/webrick/server.rb:95:in `start'
    /usr/lib/ruby/1.8/webrick/server.rb:92:in `start'
    /usr/lib/ruby/1.8/webrick/server.rb:23:in `start'
    /usr/lib/ruby/1.8/webrick/server.rb:82:in `start'
    .//vendor/rails/railties/lib/webrick_server.rb:69:in `dispatch'
    .//vendor/rails/railties/lib/commands/servers/webrick.rb:59
    /usr/lib/ruby/1.8/rubygems/custom_require.rb:21:in `require'
    .//vendor/rails/activesupport/lib/active_support/dependencies.rb:214:in `require'
    .//vendor/rails/railties/lib/commands/server.rb:28
    ./script/server:3


Rendering ./script/../config/../vendor/rails/actionpack/lib/action_controller/templates/rescues/layout.rhtml (500 Internal Error)


Processing LoginController#index (for 127.0.0.1 at 2006-01-31 14:08:27) [GET]
  Parameters: {"action"=>"index", "controller"=>"login"}
Rendering  within layouts/server
Rendering login/index


ActionView::ActionViewError (No rhtml, rxml, or delegate template found for layouts/server):
    .//vendor/rails/actionpack/lib/action_view/base.rb:281:in `pick_template_extension'
    .//vendor/rails/actionpack/lib/action_view/base.rb:195:in `render_file'
    .//vendor/rails/actionpack/lib/action_controller/layout.rb:226:in `render_without_benchmark'
    .//vendor/rails/actionpack/lib/action_controller/benchmarking.rb:53:in `render'
    /usr/lib/ruby/1.8/benchmark.rb:293:in `measure'
    .//vendor/rails/actionpack/lib/action_controller/benchmarking.rb:53:in `render'
    .//vendor/rails/actionpack/lib/action_controller/base.rb:854:in `perform_action_without_filters'
    .//vendor/rails/actionpack/lib/action_controller/filters.rb:332:in `perform_action_without_benchmark'
    .//vendor/rails/actionpack/lib/action_controller/benchmarking.rb:69:in `perform_action_without_rescue'
    /usr/lib/ruby/1.8/benchmark.rb:293:in `measure'
    .//vendor/rails/actionpack/lib/action_controller/benchmarking.rb:69:in `perform_action_without_rescue'
    .//vendor/rails/actionpack/lib/action_controller/rescue.rb:82:in `perform_action'
    .//vendor/rails/actionpack/lib/action_controller/base.rb:369:in `process_without_session_management_support'
    .//vendor/rails/actionpack/lib/action_controller/session_management.rb:116:in `process'
    .//vendor/rails/railties/lib/dispatcher.rb:38:in `dispatch'
    .//vendor/rails/railties/lib/webrick_server.rb:117:in `handle_dispatch'
    .//vendor/rails/railties/lib/webrick_server.rb:83:in `service'
    /usr/lib/ruby/1.8/webrick/httpserver.rb:104:in `service'
    /usr/lib/ruby/1.8/webrick/httpserver.rb:65:in `run'
    /usr/lib/ruby/1.8/webrick/server.rb:173:in `start_thread'
    /usr/lib/ruby/1.8/webrick/server.rb:162:in `start_thread'
    /usr/lib/ruby/1.8/webrick/server.rb:95:in `start'
    /usr/lib/ruby/1.8/webrick/server.rb:92:in `start'
    /usr/lib/ruby/1.8/webrick/server.rb:23:in `start'
    /usr/lib/ruby/1.8/webrick/server.rb:82:in `start'
    .//vendor/rails/railties/lib/webrick_server.rb:69:in `dispatch'
    .//vendor/rails/railties/lib/commands/servers/webrick.rb:59
    /usr/lib/ruby/1.8/rubygems/custom_require.rb:21:in `require'
    .//vendor/rails/activesupport/lib/active_support/dependencies.rb:214:in `require'
    .//vendor/rails/railties/lib/commands/server.rb:28
    ./script/server:3


Rendering ./script/../config/../vendor/rails/actionpack/lib/action_controller/templates/rescues/layout.rhtml (500 Internal Error)


Processing LoginController#index (for 127.0.0.1 at 2006-01-31 14:10:36) [GET]
  Parameters: {"action"=>"index", "controller"=>"login"}
Rendering  within layouts/server
Rendering login/index
Completed in 0.06273 (15 reqs/sec) | Rendering: 0.06133 (97%) | 200 OK [http://localhost/]


Processing LoginController#logout (for 127.0.0.1 at 2006-01-31 14:10:39) [GET]
  Parameters: {"action"=>"logout", "controller"=>"login"}
Redirected to http://localhost:3000/
Completed in 0.00141 (707 reqs/sec) | 302 Found [http://localhost/login/logout]


Processing LoginController#index (for 127.0.0.1 at 2006-01-31 14:10:39) [GET]
  Parameters: {"action"=>"index", "controller"=>"login"}
Rendering  within layouts/server
Rendering login/index
Completed in 0.00261 (382 reqs/sec) | Rendering: 0.00120 (45%) | 200 OK [http://localhost/]


Processing LoginController#submit (for 127.0.0.1 at 2006-01-31 14:10:47) [GET]
  Parameters: {"username"=>"b", "action"=>"submit", "controller"=>"login"}
Redirected to http://localhost:3000/
Completed in 0.00145 (691 reqs/sec) | 302 Found [http://localhost/login/submit?username=b]


Processing LoginController#index (for 127.0.0.1 at 2006-01-31 14:10:47) [GET]
  Parameters: {"action"=>"index", "controller"=>"login"}
Rendering  within layouts/server
Rendering login/index
Completed in 0.00273 (366 reqs/sec) | Rendering: 0.00125 (45%) | 200 OK [http://localhost/]


Processing ServerController#user_page (for 127.0.0.1 at 2006-01-31 14:11:37) [GET]
  Parameters: {"action"=>"user_page", "username"=>"bdfv", "controller"=>"server"}
Completed in 0.00144 (693 reqs/sec) | 200 OK [http://localhost/user/bdfv]


Processing ServerController#index (for 127.0.0.1 at 2006-01-31 14:11:37) [GET]
  Parameters: {"openid.return_to"=>"http://localhost:2000/complete?token=wfdBpCWN5Al%2FHNGE6exJ%2F9x%2Fyt0xMTM4NzQ1NDk3AEt0dmFoNHJpAGh0dHA6Ly9sb2NhbGhvc3Q6MzAwMC91c2VyL2JkZnYAaHR0cDovL2xvY2FsaG9zdDozMDAwL3VzZXIvYmRmdgBodHRwOi8vbG9jYWxob3N0OjMwMDAvc2VydmVy", "openid.mode"=>"checkid_setup", "action"=>"index", "controller"=>"server", "openid.identity"=>"http://localhost:3000/user/bdfv", "openid.trust_root"=>"http://localhost:2000/", "openid.assoc_handle"=>"{HMAC-SHA1}}{43dfad7e}{NELANw==}"}
Redirected to http://localhost:3000/login/logout
Completed in 0.00465 (215 reqs/sec) | 302 Found [http://localhost/server?openid.mode=checkid_setup&openid.return_to=http%3A%2F%2Flocalhost%3A2000%2Fcomplete%3Ftoken%3DwfdBpCWN5Al%252FHNGE6exJ%252F9x%252Fyt0xMTM4NzQ1NDk3AEt0dmFoNHJpAGh0dHA6Ly9sb2NhbGhvc3Q6MzAwMC91c2VyL2JkZnYAaHR0cDovL2xvY2FsaG9zdDozMDAwL3VzZXIvYmRmdgBodHRwOi8vbG9jYWxob3N0OjMwMDAvc2VydmVy&openid.trust_root=http%3A%2F%2Flocalhost%3A2000%2F&openid.identity=http%3A%2F%2Flocalhost%3A3000%2Fuser%2Fbdfv&openid.assoc_handle=%7BHMAC-SHA1%7D%7D%7B43dfad7e%7D%7BNELANw%3D%3D%7D]


Processing LoginController#logout (for 127.0.0.1 at 2006-01-31 14:11:37) [GET]
  Parameters: {"action"=>"logout", "controller"=>"login"}
Redirected to http://localhost:3000/
Completed in 0.00171 (583 reqs/sec) | 302 Found [http://localhost/login/logout]


Processing LoginController#index (for 127.0.0.1 at 2006-01-31 14:11:37) [GET]
  Parameters: {"action"=>"index", "controller"=>"login"}
Rendering  within layouts/server
Rendering login/index
Completed in 0.00205 (487 reqs/sec) | Rendering: 0.00093 (45%) | 200 OK [http://localhost/]


Processing LoginController#index (for 127.0.0.1 at 2006-01-31 14:11:48) [GET]
  Parameters: {"action"=>"index", "controller"=>"login"}
Rendering  within layouts/server
Rendering login/index
Completed in 0.00202 (494 reqs/sec) | Rendering: 0.00092 (45%) | 200 OK [http://localhost/]


Processing LoginController#submit (for 127.0.0.1 at 2006-01-31 14:11:49) [GET]
  Parameters: {"username"=>"b", "action"=>"submit", "controller"=>"login"}
Redirected to http://localhost:3000/
Completed in 0.02403 (41 reqs/sec) | 302 Found [http://localhost/login/submit?username=b]


Processing LoginController#index (for 127.0.0.1 at 2006-01-31 14:11:50) [GET]
  Parameters: {"action"=>"index", "controller"=>"login"}
Rendering  within layouts/server
Rendering login/index
Completed in 0.00283 (353 reqs/sec) | Rendering: 0.00121 (42%) | 200 OK [http://localhost/]


Processing ServerController#user_page (for 127.0.0.1 at 2006-01-31 14:11:59) [GET]
  Parameters: {"action"=>"user_page", "username"=>"b", "controller"=>"server"}
Completed in 0.00186 (536 reqs/sec) | 200 OK [http://localhost/user/b]


Processing ServerController#index (for 127.0.0.1 at 2006-01-31 14:11:59) [GET]
  Parameters: {"openid.return_to"=>"http://localhost:2000/complete?token=a3bAmAnC0aBbpbM1KcmirOpYdG8xMTM4NzQ1NTE5AHlHOFBuQ2RhAGh0dHA6Ly9sb2NhbGhvc3Q6MzAwMC91c2VyL2IAaHR0cDovL2xvY2FsaG9zdDozMDAwL3VzZXIvYgBodHRwOi8vbG9jYWxob3N0OjMwMDAvc2VydmVy", "openid.mode"=>"checkid_setup", "action"=>"index", "controller"=>"server", "openid.identity"=>"http://localhost:3000/user/b", "openid.trust_root"=>"http://localhost:2000/", "openid.assoc_handle"=>"{HMAC-SHA1}}{43dfad7e}{NELANw==}"}
Rendering templateserver/decidelayoutfalse within layouts/server
Rendering server/decide
Completed in 0.00782 (127 reqs/sec) | Rendering: 0.00343 (43%) | 200 OK [http://localhost/server?openid.mode=checkid_setup&openid.return_to=http%3A%2F%2Flocalhost%3A2000%2Fcomplete%3Ftoken%3Da3bAmAnC0aBbpbM1KcmirOpYdG8xMTM4NzQ1NTE5AHlHOFBuQ2RhAGh0dHA6Ly9sb2NhbGhvc3Q6MzAwMC91c2VyL2IAaHR0cDovL2xvY2FsaG9zdDozMDAwL3VzZXIvYgBodHRwOi8vbG9jYWxob3N0OjMwMDAvc2VydmVy&openid.trust_root=http%3A%2F%2Flocalhost%3A2000%2F&openid.identity=http%3A%2F%2Flocalhost%3A3000%2Fuser%2Fb&openid.assoc_handle=%7BHMAC-SHA1%7D%7D%7B43dfad7e%7D%7BNELANw%3D%3D%7D]


Processing ServerController#decision (for 127.0.0.1 at 2006-01-31 14:12:01) [POST]
  Parameters: {"action"=>"decision", "auth_info"=>"http://localhost:3000/server|openid.mode=checkid_setup&openid.return_to=http%3A%2F%2Flocalhost%3A2000%2Fcomplete%3Ftoken%3Da3bAmAnC0aBbpbM1KcmirOpYdG8xMTM4NzQ1NTE5AHlHOFBuQ2RhAGh0dHA6Ly9sb2NhbGhvc3Q6MzAwMC91c2VyL2IAaHR0cDovL2xvY2FsaG9zdDozMDAwL3VzZXIvYgBodHRwOi8vbG9jYWxob3N0OjMwMDAvc2VydmVy&action=index&controller=server&openid.trust_root=http%3A%2F%2Flocalhost%3A2000%2F&openid.identity=http%3A%2F%2Flocalhost%3A3000%2Fuser%2Fb&openid.assoc_handle=%7BHMAC-SHA1%7D%7D%7B43dfad7e%7D%7BNELANw%3D%3D%7D", "controller"=>"server", "yes"=>"yes"}
Redirected to http://localhost:2000/complete?token=a3bAmAnC0aBbpbM1KcmirOpYdG8xMTM4NzQ1NTE5AHlHOFBuQ2RhAGh0dHA6Ly9sb2NhbGhvc3Q6MzAwMC91c2VyL2IAaHR0cDovL2xvY2FsaG9zdDozMDAwL3VzZXIvYgBodHRwOi8vbG9jYWxob3N0OjMwMDAvc2VydmVy&openid.sig=UtPDjMBLc6wqswzaCokEW2FQNdk%3D&openid.return_to=http%3A%2F%2Flocalhost%3A2000%2Fcomplete%3Ftoken%3Da3bAmAnC0aBbpbM1KcmirOpYdG8xMTM4NzQ1NTE5AHlHOFBuQ2RhAGh0dHA6Ly9sb2NhbGhvc3Q6MzAwMC91c2VyL2IAaHR0cDovL2xvY2FsaG9zdDozMDAwL3VzZXIvYgBodHRwOi8vbG9jYWxob3N0OjMwMDAvc2VydmVy&openid.mode=id_res&openid.identity=http%3A%2F%2Flocalhost%3A3000%2Fuser%2Fb&openid.signed=mode%2Cidentity%2Creturn_to&openid.assoc_handle=%7BHMAC-SHA1%7D%7D%7B43dfad7e%7D%7BNELANw%3D%3D%7D
Completed in 0.00462 (216 reqs/sec) | 302 Found [http://localhost/server/decision]


Processing ServerController#user_page (for 127.0.0.1 at 2006-01-31 14:12:03) [GET]
  Parameters: {"action"=>"user_page", "username"=>"b", "controller"=>"server"}
Completed in 0.00146 (685 reqs/sec) | 200 OK [http://localhost/user/b]


Processing ServerController#index (for 127.0.0.1 at 2006-01-31 14:12:04) [GET]
  Parameters: {"openid.return_to"=>"http://localhost:2000/complete?token=WH94XgCXlbVKhncNwAnrh9aqXu4xMTM4NzQ1NTIzAFUyTDBIaFRyAGh0dHA6Ly9sb2NhbGhvc3Q6MzAwMC91c2VyL2IAaHR0cDovL2xvY2FsaG9zdDozMDAwL3VzZXIvYgBodHRwOi8vbG9jYWxob3N0OjMwMDAvc2VydmVy", "openid.mode"=>"checkid_setup", "action"=>"index", "controller"=>"server", "openid.identity"=>"http://localhost:3000/user/b", "openid.trust_root"=>"http://localhost:2000/", "openid.assoc_handle"=>"{HMAC-SHA1}}{43dfad7e}{NELANw==}"}
Redirected to http://localhost:2000/complete?token=WH94XgCXlbVKhncNwAnrh9aqXu4xMTM4NzQ1NTIzAFUyTDBIaFRyAGh0dHA6Ly9sb2NhbGhvc3Q6MzAwMC91c2VyL2IAaHR0cDovL2xvY2FsaG9zdDozMDAwL3VzZXIvYgBodHRwOi8vbG9jYWxob3N0OjMwMDAvc2VydmVy&openid.sig=RgryW%2FCkXXujwGfMZbwltvUv%2B6E%3D&openid.return_to=http%3A%2F%2Flocalhost%3A2000%2Fcomplete%3Ftoken%3DWH94XgCXlbVKhncNwAnrh9aqXu4xMTM4NzQ1NTIzAFUyTDBIaFRyAGh0dHA6Ly9sb2NhbGhvc3Q6MzAwMC91c2VyL2IAaHR0cDovL2xvY2FsaG9zdDozMDAwL3VzZXIvYgBodHRwOi8vbG9jYWxob3N0OjMwMDAvc2VydmVy&openid.mode=id_res&openid.identity=http%3A%2F%2Flocalhost%3A3000%2Fuser%2Fb&openid.signed=mode%2Cidentity%2Creturn_to&openid.assoc_handle=%7BHMAC-SHA1%7D%7D%7B43dfad7e%7D%7BNELANw%3D%3D%7D
Completed in 0.00536 (186 reqs/sec) | 302 Found [http://localhost/server?openid.mode=checkid_setup&openid.return_to=http%3A%2F%2Flocalhost%3A2000%2Fcomplete%3Ftoken%3DWH94XgCXlbVKhncNwAnrh9aqXu4xMTM4NzQ1NTIzAFUyTDBIaFRyAGh0dHA6Ly9sb2NhbGhvc3Q6MzAwMC91c2VyL2IAaHR0cDovL2xvY2FsaG9zdDozMDAwL3VzZXIvYgBodHRwOi8vbG9jYWxob3N0OjMwMDAvc2VydmVy&openid.trust_root=http%3A%2F%2Flocalhost%3A2000%2F&openid.identity=http%3A%2F%2Flocalhost%3A3000%2Fuser%2Fb&openid.assoc_handle=%7BHMAC-SHA1%7D%7D%7B43dfad7e%7D%7BNELANw%3D%3D%7D]


Processing LoginController#logout (for 127.0.0.1 at 2006-01-31 14:12:06) [GET]
  Parameters: {"action"=>"logout", "controller"=>"login"}
Redirected to http://localhost:3000/
Completed in 0.00137 (729 reqs/sec) | 302 Found [http://localhost/login/logout]


Processing LoginController#index (for 127.0.0.1 at 2006-01-31 14:12:06) [GET]
  Parameters: {"action"=>"index", "controller"=>"login"}
Rendering  within layouts/server
Rendering login/index
Completed in 0.00256 (389 reqs/sec) | Rendering: 0.00120 (46%) | 200 OK [http://localhost/]


Processing LoginController#submit (for 127.0.0.1 at 2006-01-31 14:12:08) [GET]
  Parameters: {"username"=>"b", "action"=>"submit", "controller"=>"login"}
Redirected to http://localhost:3000/
Completed in 0.00141 (707 reqs/sec) | 302 Found [http://localhost/login/submit?username=b]


Processing LoginController#index (for 127.0.0.1 at 2006-01-31 14:12:08) [GET]
  Parameters: {"action"=>"index", "controller"=>"login"}
Rendering  within layouts/server
Rendering login/index
Completed in 0.00235 (424 reqs/sec) | Rendering: 0.00104 (44%) | 200 OK [http://localhost/]


Processing ServerController#user_page (for 127.0.0.1 at 2006-01-31 14:12:10) [GET]
  Parameters: {"action"=>"user_page", "username"=>"b", "controller"=>"server"}
Completed in 0.00144 (692 reqs/sec) | 200 OK [http://localhost/user/b]


Processing ServerController#index (for 127.0.0.1 at 2006-01-31 14:12:10) [GET]
  Parameters: {"openid.return_to"=>"http://localhost:2000/complete?token=QvieT7Xvh4GamCwlrF4JzbaWUb8xMTM4NzQ1NTMwAGVTc3J3djBoAGh0dHA6Ly9sb2NhbGhvc3Q6MzAwMC91c2VyL2IAaHR0cDovL2xvY2FsaG9zdDozMDAwL3VzZXIvYgBodHRwOi8vbG9jYWxob3N0OjMwMDAvc2VydmVy", "openid.mode"=>"checkid_setup", "action"=>"index", "controller"=>"server", "openid.identity"=>"http://localhost:3000/user/b", "openid.trust_root"=>"http://localhost:2000/", "openid.assoc_handle"=>"{HMAC-SHA1}}{43dfad7e}{NELANw==}"}
Rendering templateserver/decidelayoutfalse within layouts/server
Rendering server/decide
Completed in 0.00469 (213 reqs/sec) | Rendering: 0.00138 (29%) | 200 OK [http://localhost/server?openid.mode=checkid_setup&openid.return_to=http%3A%2F%2Flocalhost%3A2000%2Fcomplete%3Ftoken%3DQvieT7Xvh4GamCwlrF4JzbaWUb8xMTM4NzQ1NTMwAGVTc3J3djBoAGh0dHA6Ly9sb2NhbGhvc3Q6MzAwMC91c2VyL2IAaHR0cDovL2xvY2FsaG9zdDozMDAwL3VzZXIvYgBodHRwOi8vbG9jYWxob3N0OjMwMDAvc2VydmVy&openid.trust_root=http%3A%2F%2Flocalhost%3A2000%2F&openid.identity=http%3A%2F%2Flocalhost%3A3000%2Fuser%2Fb&openid.assoc_handle=%7BHMAC-SHA1%7D%7D%7B43dfad7e%7D%7BNELANw%3D%3D%7D]


Processing ServerController#decision (for 127.0.0.1 at 2006-01-31 14:12:12) [POST]
  Parameters: {"no"=>"no", "action"=>"decision", "auth_info"=>"http://localhost:3000/server|openid.mode=checkid_setup&openid.return_to=http%3A%2F%2Flocalhost%3A2000%2Fcomplete%3Ftoken%3DQvieT7Xvh4GamCwlrF4JzbaWUb8xMTM4NzQ1NTMwAGVTc3J3djBoAGh0dHA6Ly9sb2NhbGhvc3Q6MzAwMC91c2VyL2IAaHR0cDovL2xvY2FsaG9zdDozMDAwL3VzZXIvYgBodHRwOi8vbG9jYWxob3N0OjMwMDAvc2VydmVy&action=index&controller=server&openid.trust_root=http%3A%2F%2Flocalhost%3A2000%2F&openid.identity=http%3A%2F%2Flocalhost%3A3000%2Fuser%2Fb&openid.assoc_handle=%7BHMAC-SHA1%7D%7D%7B43dfad7e%7D%7BNELANw%3D%3D%7D", "controller"=>"server"}
Redirected to http://localhost:2000/complete?token=QvieT7Xvh4GamCwlrF4JzbaWUb8xMTM4NzQ1NTMwAGVTc3J3djBoAGh0dHA6Ly9sb2NhbGhvc3Q6MzAwMC91c2VyL2IAaHR0cDovL2xvY2FsaG9zdDozMDAwL3VzZXIvYgBodHRwOi8vbG9jYWxob3N0OjMwMDAvc2VydmVy&openid.mode=cancel
Completed in 0.00162 (618 reqs/sec) | 302 Found [http://localhost/server/decision]


Processing ServerController#user_page (for 127.0.0.1 at 2006-01-31 14:12:17) [GET]
  Parameters: {"action"=>"user_page", "username"=>"b", "controller"=>"server"}
Completed in 0.00134 (745 reqs/sec) | 200 OK [http://localhost/user/b]


Processing ServerController#index (for 127.0.0.1 at 2006-01-31 14:12:18) [GET]
  Parameters: {"openid.return_to"=>"http://localhost:2000/complete?token=gn8t0VferDxyWe0qdTFp2%2BRFK7oxMTM4NzQ1NTM3AHJ3czhNUmZqAGh0dHA6Ly9sb2NhbGhvc3Q6MzAwMC91c2VyL2IAaHR0cDovL2xvY2FsaG9zdDozMDAwL3VzZXIvYgBodHRwOi8vbG9jYWxob3N0OjMwMDAvc2VydmVy", "openid.mode"=>"checkid_setup", "action"=>"index", "controller"=>"server", "openid.identity"=>"http://localhost:3000/user/b", "openid.trust_root"=>"http://localhost:2000/", "openid.assoc_handle"=>"{HMAC-SHA1}}{43dfad7e}{NELANw==}"}
Rendering templateserver/decidelayoutfalse within layouts/server
Rendering server/decide
Completed in 0.00595 (168 reqs/sec) | Rendering: 0.00187 (31%) | 200 OK [http://localhost/server?openid.mode=checkid_setup&openid.return_to=http%3A%2F%2Flocalhost%3A2000%2Fcomplete%3Ftoken%3Dgn8t0VferDxyWe0qdTFp2%252BRFK7oxMTM4NzQ1NTM3AHJ3czhNUmZqAGh0dHA6Ly9sb2NhbGhvc3Q6MzAwMC91c2VyL2IAaHR0cDovL2xvY2FsaG9zdDozMDAwL3VzZXIvYgBodHRwOi8vbG9jYWxob3N0OjMwMDAvc2VydmVy&openid.trust_root=http%3A%2F%2Flocalhost%3A2000%2F&openid.identity=http%3A%2F%2Flocalhost%3A3000%2Fuser%2Fb&openid.assoc_handle=%7BHMAC-SHA1%7D%7D%7B43dfad7e%7D%7BNELANw%3D%3D%7D]


Processing ServerController#decision (for 127.0.0.1 at 2006-01-31 14:12:19) [POST]
  Parameters: {"action"=>"decision", "auth_info"=>"http://localhost:3000/server|openid.mode=checkid_setup&openid.return_to=http%3A%2F%2Flocalhost%3A2000%2Fcomplete%3Ftoken%3Dgn8t0VferDxyWe0qdTFp2%252BRFK7oxMTM4NzQ1NTM3AHJ3czhNUmZqAGh0dHA6Ly9sb2NhbGhvc3Q6MzAwMC91c2VyL2IAaHR0cDovL2xvY2FsaG9zdDozMDAwL3VzZXIvYgBodHRwOi8vbG9jYWxob3N0OjMwMDAvc2VydmVy&action=index&controller=server&openid.trust_root=http%3A%2F%2Flocalhost%3A2000%2F&openid.identity=http%3A%2F%2Flocalhost%3A3000%2Fuser%2Fb&openid.assoc_handle=%7BHMAC-SHA1%7D%7D%7B43dfad7e%7D%7BNELANw%3D%3D%7D", "controller"=>"server", "yes"=>"yes"}
Redirected to http://localhost:2000/complete?token=gn8t0VferDxyWe0qdTFp2%2BRFK7oxMTM4NzQ1NTM3AHJ3czhNUmZqAGh0dHA6Ly9sb2NhbGhvc3Q6MzAwMC91c2VyL2IAaHR0cDovL2xvY2FsaG9zdDozMDAwL3VzZXIvYgBodHRwOi8vbG9jYWxob3N0OjMwMDAvc2VydmVy&openid.sig=zhebnnOgypJWNVAGF7hgaJMl9Xc%3D&openid.return_to=http%3A%2F%2Flocalhost%3A2000%2Fcomplete%3Ftoken%3Dgn8t0VferDxyWe0qdTFp2%252BRFK7oxMTM4NzQ1NTM3AHJ3czhNUmZqAGh0dHA6Ly9sb2NhbGhvc3Q6MzAwMC91c2VyL2IAaHR0cDovL2xvY2FsaG9zdDozMDAwL3VzZXIvYgBodHRwOi8vbG9jYWxob3N0OjMwMDAvc2VydmVy&openid.mode=id_res&openid.identity=http%3A%2F%2Flocalhost%3A3000%2Fuser%2Fb&openid.signed=mode%2Cidentity%2Creturn_to&openid.assoc_handle=%7BHMAC-SHA1%7D%7D%7B43dfad7e%7D%7BNELANw%3D%3D%7D
Completed in 0.00460 (217 reqs/sec) | 302 Found [http://localhost/server/decision]
